[INFO] 18:14:50:356 discordiador/(4658:4658): Hola
[INFO] 18:17:28:016 discordiador/(5061:5061): Hola
[INFO] 18:17:28:027 discordiador/(5061:5061): IP MI RAM HQ: 127.1.1.1
[WARNING] 18:17:36:875 discordiador/(5061:5067): Comando 'ASDASD' no conocido
[WARNING] 18:17:38:618 discordiador/(5061:5067): Comando 'SDFSDF' no conocido
[WARNING] 18:17:39:465 discordiador/(5061:5067): Comando 'SDFSDF' no conocido
[WARNING] 18:17:40:121 discordiador/(5061:5067): Comando 'SDFSDF' no conocido
[WARNING] 18:17:40:692 discordiador/(5061:5067): Comando 'SDFSDF' no conocido
[WARNING] 18:17:41:066 discordiador/(5061:5067): Comando 'SDFS' no conocido
[WARNING] 18:17:41:375 discordiador/(5061:5067): Comando 'SDF' no conocido
[WARNING] 18:17:41:540 discordiador/(5061:5067): Comando 'SDF' no conocido
[WARNING] 18:17:41:679 discordiador/(5061:5067): Comando 'S' no conocido
[WARNING] 18:17:41:812 discordiador/(5061:5067): Comando 'DF' no conocido
[WARNING] 18:17:42:402 discordiador/(5061:5067): Comando 'SD' no conocido
[INFO] 18:18:21:823 discordiador/(5233:5233): Hola
[INFO] 18:18:21:832 discordiador/(5233:5233): IP MI RAM HQ: 127.1.1.1
[WARNING] 18:19:02:097 discordiador/(5233:5235): Comando 'ASD' no conocido
[WARNING] 18:19:03:283 discordiador/(5233:5235): Comando 'SDKMFSDP' no conocido
[INFO] 18:25:13:589 discordiador/(6204:6204): Hola
[INFO] 18:25:13:591 discordiador/(6204:6204): IP MI RAM HQ: 127.1.1.1
[WARNING] 18:25:14:950 discordiador/(6204:6205): Comando 'asdas' no conocido
[WARNING] 18:25:15:291 discordiador/(6204:6205): Comando 'adas' no conocido
[INFO] 18:51:47:289 discordiador/(5969:5969): Hola
[INFO] 18:51:47:302 discordiador/(5969:5969): IP MI RAM HQ: 127.1.1.1
[WARNING] 18:51:49:262 discordiador/(5969:5970): Comando 'asda' no conocido
[WARNING] 15:26:58:621 discordiador/(8289:8290): Comando 'asdas' no conocido
[WARNING] 15:27:07:294 discordiador/(8289:8290): Comando 'Hola' no conocido
[INFO] 15:27:13:534 discordiador/(8289:8290): Comando reconocido: LISTAR TRIPULANTES
[INFO] 15:27:29:301 discordiador/(8289:8290): Comando reconocido: LISTAR TRIPULANTES
[WARNING] 15:27:35:700 discordiador/(8289:8290): Comando '' no conocido
[INFO] 15:32:34:864 discordiador/(8868:8869): Comando reconocido: LISTAR TRIPULANTES
[WARNING] 21:10:19:170 discordiador/(9685:9685): Error al conseguir informacion de MI RAM HQ

[WARNING] 21:27:45:978 discordiador/(11959:11959): Error al conseguir informacion de MI RAM HQ

[WARNING] 21:32:19:370 discordiador/(12604:12604): Error al crear socket cliente a MI RAM HQ

[WARNING] 21:33:31:684 discordiador/(12708:12708): Error al crear socket cliente a MI RAM HQ

[WARNING] 21:34:09:278 discordiador/(12762:12762): Error al crear socket cliente a MI RAM HQ

[WARNING] 21:36:16:011 discordiador/(13195:13195): Error al conseguir informacion de MI RAM HQ

[WARNING] 10:25:51:951 discordiador/(5095:5095): Error al conseguir informacion de MI RAM HQ

[WARNING] 10:26:56:543 discordiador/(5199:5199): Error al crear socket cliente a MI RAM HQ

[WARNING] 10:33:03:657 discordiador/(5709:5709): Error al conseguir informacion de MI RAM HQ

[WARNING] 10:33:03:657 discordiador/(5709:5709): Error al conectar a MI RAM HQ

[WARNING] 10:34:37:377 discordiador/(5861:5861): Error al conseguir informacion de MI RAM HQ

[WARNING] 10:34:37:377 discordiador/(5861:5861): Error al conectar a MI RAM HQ

[WARNING] 10:38:15:369 discordiador/(6260:6260): Error al crear socket cliente a MI RAM HQ

[WARNING] 10:38:15:369 discordiador/(6260:6260): Error al conectar a MI RAM HQ

[WARNING] 10:39:10:724 discordiador/(6348:6348): Error al crear socket cliente a MI RAM HQ

[WARNING] 10:41:11:439 discordiador/(6670:6670): Error al conectar a MI RAM HQ

[WARNING] 11:00:58:335 discordiador/(8461:8461): Error al conectar a MI RAM HQ

